-------------------------------------------------------------------------------
Test set: csc335.app.AllTests
-------------------------------------------------------------------------------
Tests run: 11, Failures: 1, Errors: 0, Skipped: 0, Time elapsed: 0.288 s <<< FAILURE! - in csc335.app.AllTests
csc335.app.AllTests.testgetPercentageandisExceeded  Time elapsed: 0.029 s  <<< FAILURE!
org.opentest4j.AssertionFailedError: expected: <82.98> but was: <0.0>
	at csc335.app.AllTests.testgetPercentageandisExceeded(AllTests.java:129)

